

Version:	3.50
CmdLine:	C:\Users\spect\OneDrive\Υπολογιστής\exec\SMEsQuest.exe --l4j-debug
JNI:		No
WOW64:		Yes
Working dir:	C:\Users\spect\OneDrive\Υπολογιστής\exec\.
Requires JDK:	No
Requires 64-Bit: No
Java min ver:	
Java max ver:	
JRE paths:	C:\Program Files\Java\jre1.8.0_111
Check launcher:	C:\Program Files\Java\jre1.8.0_111\bin\javaw.exe (OK)
Version string: 1.008.000_111 / 64-Bit (OK)
Launcher:	C:\Program Files\Java\jre1.8.0_111\bin\javaw.exe
Launcher args:	-jar "C:\Users\spect\OneDrive\Υπολογιστής\exec\SMEsQuest.exe"
Args length:	61/32768 chars
Exit code:	0


Version:	3.50
CmdLine:	C:\Users\spect\OneDrive\Υπολογιστής\exec\SMEsQuest.exe --l4j-debug
JNI:		No
WOW64:		Yes
Working dir:	C:\Users\spect\OneDrive\Υπολογιστής\exec\.
Requires JDK:	No
Requires 64-Bit: No
Java min ver:	
Java max ver:	
JRE paths:	C:\Program Files\Java\jre1.8.0_111
Check launcher:	C:\Program Files\Java\jre1.8.0_111\bin\javaw.exe (OK)
Version string: 1.008.000_111 / 64-Bit (OK)
Launcher:	C:\Program Files\Java\jre1.8.0_111\bin\javaw.exe
Launcher args:	-jar "C:\Users\spect\OneDrive\Υπολογιστής\exec\SMEsQuest.exe"
Args length:	61/32768 chars
Exit code:	0


Version:	3.50
CmdLine:	C:\Users\spect\OneDrive\Υπολογιστής\exec\SMEsQuest.exe --l4j-debug
JNI:		No
WOW64:		Yes
Working dir:	C:\Users\spect\OneDrive\Υπολογιστής\exec\.
Requires JDK:	No
Requires 64-Bit: No
Java min ver:	
Java max ver:	
JRE paths:	C:\Program Files\Java\jre1.8.0_111
Check launcher:	C:\Program Files\Java\jre1.8.0_111\bin\javaw.exe (OK)
Version string: 1.008.000_111 / 64-Bit (OK)
Launcher:	C:\Program Files\Java\jre1.8.0_111\bin\javaw.exe
Launcher args:	-jar "C:\Users\spect\OneDrive\Υπολογιστής\exec\SMEsQuest.exe"
Args length:	61/32768 chars
Exit code:	0
